Rendering to 1024x1024 image
Loaded scene with 10000 circles
Loaded scene with 10000 circles
---------------------------------------------------------
Initializing CUDA for CudaRenderer
Found 2 CUDA devices
Device 0: NVIDIA GeForce RTX 4090
   SMs:        128
   Global mem: 24210 MB
   CUDA Cap:   8.9
Device 1: NVIDIA GeForce RTX 4090
   SMs:        128
   Global mem: 24210 MB
   CUDA Cap:   8.9
---------------------------------------------------------

Running benchmark, 1 frames, beginning at frame 0 ...
Dumping frames to logs/output_xxx.ppm
Copying image data from device
Wrote image file logs/output_0000.ppm
Copying image data from device
***************** Correctness check passed **************************
Clear:    0.1090 ms
Advance:  0.0013 ms
Render:   43218.9397 ms
Total:    43219.0500 ms
File IO:  67.8449 ms

Overall:  50.5024 sec (note units are seconds)
